[smoke] apply local migrations in C:\Users\lsj\Desktop\IDEAProject\cf-temp-email\.wrangler-smoke-state\1778259908455-240
[smoke] start wrangler dev on http://127.0.0.1:8791
[smoke] initialize first admin
[smoke] create and manage admin users
[smoke] create and assign domain
[smoke] exercise login rate limit
[smoke] create session and API tokens
[smoke] exercise API token rate limit
[smoke] insert partial message fixture
Error: npx.cmd wrangler d1 execute DB --local --persist-to C:\Users\lsj\Desktop\IDEAProject\cf-temp-email\.wrangler-smoke-state\1778259908455-240 --file C:\Users\lsj\Desktop\IDEAProject\cf-temp-email\.wrangler-smoke-state\1778259908455-240\fixture-message-1778259917542582.sql failed

 ⛅️ wrangler 4.90.0
───────────────────
Resource location: local 

Use --remote if you want to access the remote instance.

🌀 Executing on local database DB (DB) from .wrangler-smoke-state\1778259908455-240\v3\d1:
🌀 To execute on your remote database, add a --remote flag to your wrangler command.


[31mX [41;31m[[41;97mERROR[41;31m][0m [1mFOREIGN KEY constraint failed: SQLITE_CONSTRAINT (extended: SQLITE_CONSTRAINT_FOREIGNKEY)[0m


🪵  Logs were written to "C:\Users\lsj\AppData\Roaming\xdg.config\.wrangler\logs\wrangler-2026-05-08_17-06-09_883.log"

    at ChildProcess.<anonymous> (file:///C:/Users/lsj/Desktop/IDEAProject/cf-temp-email/scripts/request-smoke.mjs:139:14)
    at ChildProcess.emit (node:events:508:28)
    at maybeClose (node:internal/child_process:1101:16)
    at ChildProcess._handle.onexit (node:internal/child_process:305:5)
