[33m▲ [43;33m[[43;30mWARNING[43;33m][0m [1mDuplicate key "Mailbox not found." in object literal[0m [duplicate-object-key]

    src/lib/i18n.ts:95:2:
[37m      95 │   [32m"Mailbox not found."[37m: { "zh-CN": "邮箱不存在。", en: "Mail...
         ╵   [32m~~~~~~~~~~~~~~~~~~~~[0m

  The original key "Mailbox not found." is here:

    src/lib/i18n.ts:74:2:
[37m      74 │   [32m"Mailbox not found."[37m: { "zh-CN": "邮箱不存在。", en: "Mail...
         ╵   [32m~~~~~~~~~~~~~~~~~~~~[0m


[33m▲ [43;33m[[43;30mWARNING[43;33m][0m [1mDuplicate key "Mailbox not found." in object literal[0m [duplicate-object-key]

    src/lib/i18n.ts:95:2:
[37m      95 │   [32m"Mailbox not found."[37m: { "zh-CN": "邮箱不存在。", en: "Mail...
         ╵   [32m~~~~~~~~~~~~~~~~~~~~[0m

  The original key "Mailbox not found." is here:

    src/lib/i18n.ts:74:2:
[37m      74 │   [32m"Mailbox not found."[37m: { "zh-CN": "邮箱不存在。", en: "Mail...
         ╵   [32m~~~~~~~~~~~~~~~~~~~~[0m


[33m▲ [43;33m[[43;30mWARNING[43;33m][0m [1mDuplicate key "Mailbox not found." in object literal[0m [duplicate-object-key]

    src/lib/i18n.ts:95:2:
[37m      95 │   [32m"Mailbox not found."[37m: { "zh-CN": "邮箱不存在。", en: "Mail...
         ╵   [32m~~~~~~~~~~~~~~~~~~~~[0m

  The original key "Mailbox not found." is here:

    src/lib/i18n.ts:74:2:
[37m      74 │   [32m"Mailbox not found."[37m: { "zh-CN": "邮箱不存在。", en: "Mail...
         ╵   [32m~~~~~~~~~~~~~~~~~~~~[0m


[31mX [41;31m[[41;97mERROR[41;31m][0m [1mBuild failed with 2 errors:[0m

  [31mX [41;31m[[41;97mERROR[41;31m][0m [1mCould not resolve "./lib/i18n"[0m
  
      src/index.ts:16:29:
  [37m      16 │ import { attachLocale } from [32m"./lib/i18n"[37m;
           ╵                              [32m~~~~~~~~~~~~[0m
  
  
  [31mX [41;31m[[41;97mERROR[41;31m][0m [1mCould not resolve "./i18n"[0m
  
      src/lib/errors.ts:3:38:
  [37m      3 │ import { translateErrorMessage } from [32m"./i18n"[37m;
          ╵                                       [32m~~~~~~~~[0m
  
  


[31mX [41;31m[[41;97mERROR[41;31m][0m [1mBuild failed with 1 error:[0m

  [31mX [41;31m[[41;97mERROR[41;31m][0m [1mCould not resolve "./routes/web"[0m
  
      src/index.ts:24:19:
  [37m      24 │ import webApp from [32m"./routes/web"[37m;
           ╵                    [32m~~~~~~~~~~~~~~[0m
  
  


